DateTime => Severity: Code | Message;
2023-12-22 00:14:06 => Informational: 200 | http://localhost/Dionise/;
2023-12-22 00:14:07 => Informational: 200 | http://localhost/Dionise/;
2023-12-22 01:23:30 => Informational: 200 | http://localhost/Dionise/;
2023-12-22 01:25:00 => Warning: 404 | http://localhost/Dionise/Establishmentzbz/2;
2023-12-22 01:31:33 => Warning: 404 | http://localhost/Dionise/Establishmentzbz/2;
2023-12-22 01:31:33 => Warning: 404 | http://localhost/Dionise/Establishmentzbz/2;
2023-12-22 01:31:34 => Warning: 404 | http://localhost/Dionise/Establishmentzbz/2;
2023-12-22 01:31:34 => Warning: 404 | http://localhost/Dionise/Establishmentzbz/2;
2023-12-22 01:31:34 => Warning: 404 | http://localhost/Dionise/Establishmentzbz/2;
2023-12-22 01:31:34 => Warning: 404 | http://localhost/Dionise/Establishmentzbz/2;
2023-12-22 01:31:53 => Warning: 404 | http://localhost/Dionise/Establishwwmentzb/2;
2023-12-22 01:46:26 => Warning: 404 | http://localhost/Dionise/Esmentzb/2;
2023-12-22 01:51:56 => Warning: 404 | http://localhost/Dionise/Esmentzb/2;
2023-12-22 02:02:00 => Warning: 404 | http://localhost/Dionise/Esmentzb/2;
2023-12-22 02:02:01 => Warning: 404 | http://localhost/Dionise/Esmentzb/2;
2023-12-22 02:02:09 => Warning: 404 | http://localhost/Dionise/Esmdwddwwwwwwwwwwwwwentzb/2;
2023-12-22 02:05:29 => Warning: 404 | http://localhost/Dionise/Esmdwddwwwwwwwwwwwwwentzb/2;
2023-12-22 03:31:52 => Informational: 200 | http://localhost/Dionise/Establishment/2;
2023-12-22 03:31:56 => Informational: 200 | http://localhost/Dionise/;
2023-12-22 03:32:02 => Warning: 404 | http://localhost/Dionise/Establishmentz/2;
2023-12-22 13:45:40 => Informational: 200 | http://localhost/Dionise/;
2023-12-22 13:45:41 => Informational: 200 | http://localhost/Dionise/;
2023-12-22 13:50:52 => Informational: 200 | http://localhost/Dionise/;
2023-12-22 13:53:57 => Informational: 200 | http://localhost/Dionise/;
2023-12-22 14:12:58 => Informational: 200 | http://localhost/Dionise/;
2023-12-22 15:09:17 => Informational: 200 | http://localhost/Dionise/;
2023-12-22 15:09:18 => Informational: 200 | http://localhost/Dionise/;
2023-12-22 15:09:18 => Informational: 200 | http://localhost/Dionise/;
2023-12-22 15:40:38 => Informational: 200 | http://localhost/Dionise/;
2023-12-22 15:40:38 => Warning: 404 | http://localhost/Dionise/Lorem%20ipsum%20dolor%20sit%20amet,%20consectetur%20adipiscing%20elit.%20Sed%20varius%20nulla%20malesuada%20sem%20consequat%20tristique.%20Mauris%20male;
2023-12-22 15:40:39 => Informational: 200 | http://localhost/Dionise/;
2023-12-22 15:40:39 => Warning: 404 | http://localhost/Dionise/Lorem%20ipsum%20dolor%20sit%20amet,%20consectetur%20adipiscing%20elit.%20Sed%20varius%20nulla%20malesuada%20sem%20consequat%20tristique.%20Mauris%20male;
2023-12-22 15:40:39 => Informational: 200 | http://localhost/Dionise/;
2023-12-22 15:40:40 => Warning: 404 | http://localhost/Dionise/Lorem%20ipsum%20dolor%20sit%20amet,%20consectetur%20adipiscing%20elit.%20Sed%20varius%20nulla%20malesuada%20sem%20consequat%20tristique.%20Mauris%20male;
2023-12-22 15:40:40 => Informational: 200 | http://localhost/Dionise/;
2023-12-22 15:40:40 => Warning: 404 | http://localhost/Dionise/Lorem%20ipsum%20dolor%20sit%20amet,%20consectetur%20adipiscing%20elit.%20Sed%20varius%20nulla%20malesuada%20sem%20consequat%20tristique.%20Mauris%20male;
2023-12-22 15:40:40 => Informational: 200 | http://localhost/Dionise/;
2023-12-22 15:40:40 => Warning: 404 | http://localhost/Dionise/Lorem%20ipsum%20dolor%20sit%20amet,%20consectetur%20adipiscing%20elit.%20Sed%20varius%20nulla%20malesuada%20sem%20consequat%20tristique.%20Mauris%20male;
2023-12-22 15:41:18 => Informational: 200 | http://localhost/Dionise/;
2023-12-22 16:00:09 => Informational: 200 | http://localhost/Dionise/;
2023-12-22 16:00:10 => Informational: 200 | http://localhost/Dionise/;
2023-12-22 16:05:46 => Informational: 200 | http://localhost/Dionise/;
2023-12-22 16:05:49 => Informational: 200 | http://localhost/Dionise/page/2;
2023-12-22 16:05:50 => Informational: 200 | http://localhost/Dionise/page/1;
2023-12-22 16:06:17 => Informational: 200 | http://localhost/Dionise/page/1;
2023-12-22 16:06:17 => Informational: 200 | http://localhost/Dionise/page/1;
2023-12-22 16:06:20 => Informational: 200 | http://localhost/Dionise/page/2;
2023-12-22 16:06:21 => Informational: 200 | http://localhost/Dionise/page/1;
2023-12-22 16:08:12 => Informational: 200 | http://localhost/Dionise/page/1;
2023-12-22 16:14:43 => Informational: 200 | http://localhost/Dionise/page/1;
2023-12-22 17:22:24 => Informational: 200 | http://localhost/Dionise/page/1;
2023-12-22 17:22:25 => Informational: 200 | http://localhost/Dionise/page/1;
2023-12-22 17:24:19 => Informational: 200 | http://localhost/Dionise/page/1;
2023-12-22 17:25:32 => Informational: 200 | http://localhost/Dionise/page/1;
2023-12-22 17:32:11 => Informational: 200 | http://localhost/Dionise/page/1;
2023-12-22 18:27:51 => Informational: 200 | http://localhost/Dionise/page/1;
2023-12-22 18:31:40 => Informational: 200 | http://localhost/Dionise/page/1;
2023-12-22 18:37:49 => Informational: 200 | http://localhost/Dionise/page/1;
2023-12-22 18:37:49 => Informational: 200 | http://localhost/Dionise/page/1;
2023-12-22 18:40:55 => Informational: 200 | http://localhost/Dionise/Establishment/1;
2023-12-22 18:43:20 => Informational: 200 | http://localhost/Dionise/Establishment/1;
2023-12-22 18:43:21 => Informational: 200 | http://localhost/Dionise/Establishment/1;
2023-12-22 18:43:22 => Informational: 200 | http://localhost/Dionise/Establishment/1;
2023-12-22 18:43:52 => Informational: 200 | http://localhost/Dionise/Establishment/1;
2023-12-22 18:43:53 => Informational: 200 | http://localhost/Dionise/Establishment/1;
2023-12-22 18:43:53 => Informational: 200 | http://localhost/Dionise/Establishment/1;
2023-12-22 18:47:33 => Informational: 200 | http://localhost/Dionise/Establishment/1;
2023-12-22 18:47:34 => Informational: 200 | http://localhost/Dionise/Establishment/1;
2023-12-22 18:47:35 => Informational: 200 | http://localhost/Dionise/Establishment/1;
2023-12-22 18:47:35 => Informational: 200 | http://localhost/Dionise/Establishment/1;
2023-12-22 18:47:35 => Informational: 200 | http://localhost/Dionise/Establishment/1;
2023-12-22 18:49:40 => Informational: 200 | http://localhost/Dionise/Establishment/1;
2023-12-22 18:49:41 => Informational: 200 | http://localhost/Dionise/Establishment/1;
2023-12-22 18:49:41 => Informational: 200 | http://localhost/Dionise/Establishment/1;
2023-12-22 18:49:41 => Informational: 200 | http://localhost/Dionise/Establishment/1;
2023-12-22 18:49:41 => Informational: 200 | http://localhost/Dionise/Establishment/1;
2023-12-22 18:58:09 => Informational: 200 | http://localhost/Dionise/Establishment/1;
2023-12-22 18:58:10 => Informational: 200 | http://localhost/Dionise/Establishment/1;
2023-12-22 18:58:11 => Informational: 200 | http://localhost/Dionise/Establishment/1;
2023-12-22 18:59:13 => Informational: 200 | http://localhost/Dionise/Establishment/1;
2023-12-22 18:59:14 => Informational: 200 | http://localhost/Dionise/Establishment/1;
2023-12-22 19:00:16 => Informational: 200 | http://localhost/Dionise/Establishment/1;
2023-12-22 19:00:24 => Informational: 200 | http://localhost/Dionise/Establishment/1;
2023-12-22 19:00:25 => Informational: 200 | http://localhost/Dionise/;
2023-12-22 19:00:53 => Informational: 200 | http://localhost/Dionise/;
2023-12-22 19:01:33 => Informational: 200 | http://localhost/Dionise/;
2023-12-22 19:01:35 => Informational: 200 | http://localhost/Dionise/Establishment/2;
2023-12-22 19:01:36 => Informational: 200 | http://localhost/Dionise/;
2023-12-22 19:01:38 => Informational: 200 | http://localhost/Dionise/about;
2023-12-22 19:01:40 => Informational: 200 | http://localhost/Dionise/;
2023-12-22 19:02:39 => Informational: 200 | http://localhost/Dionise/;
2023-12-22 20:19:30 => Informational: 200 | http://localhost/Dionise/;
2023-12-22 20:19:30 => Informational: 200 | http://localhost/Dionise/;
2023-12-22 20:19:42 => Informational: 200 | http://localhost/Dionise/;
2023-12-22 20:19:42 => Informational: 200 | http://localhost/Dionise/;
2023-12-22 20:19:56 => Informational: 200 | http://localhost/Dionise/;
2023-12-22 20:19:56 => Informational: 200 | http://localhost/Dionise/;
2023-12-22 20:19:56 => Informational: 200 | http://localhost/Dionise/;
2023-12-22 20:19:57 => Informational: 200 | http://localhost/Dionise/;
2023-12-22 20:20:03 => Informational: 200 | http://localhost/Dionise/Establishment/1;
2023-12-22 20:20:25 => Informational: 200 | http://localhost/Dionise/Establishment/1;
2023-12-22 20:20:25 => Informational: 200 | http://localhost/Dionise/Establishment/1;
2023-12-22 20:20:26 => Informational: 200 | http://localhost/Dionise/Establishment/1;
2023-12-22 20:20:45 => Informational: 200 | http://localhost/Dionise/Establishment/1;
2023-12-22 20:20:45 => Informational: 200 | http://localhost/Dionise/Establishment/1;
2023-12-22 20:20:46 => Informational: 200 | http://localhost/Dionise/Establishment/1;
2023-12-22 20:20:48 => Informational: 200 | http://localhost/Dionise/Establishment/1;
2023-12-22 20:21:45 => Informational: 200 | http://localhost/Dionise/Establishment/1;
2023-12-22 20:22:22 => Informational: 200 | http://localhost/Dionise/Establishment/1;
2023-12-22 20:31:10 => Informational: 200 | http://localhost/Dionise/Establishment/1;
2023-12-22 20:35:11 => Informational: 200 | http://localhost/Dionise/Establishment/1;
2023-12-22 20:35:11 => Informational: 200 | http://localhost/Dionise/Establishment/1;
2023-12-22 20:35:11 => Informational: 200 | http://localhost/Dionise/Establishment/1;
2023-12-22 20:35:12 => Informational: 200 | http://localhost/Dionise/Establishment/1;
2023-12-22 20:38:13 => Informational: 200 | http://localhost/Dionise/Establishment/1;
2023-12-22 20:38:14 => Informational: 200 | http://localhost/Dionise/Establishment/1;
2023-12-22 20:38:14 => Informational: 200 | http://localhost/Dionise/Establishment/1;
2023-12-22 20:39:48 => Informational: 200 | http://localhost/Dionise/Establishment/1;
2023-12-22 20:41:05 => Informational: 200 | http://localhost/Dionise/Establishment/1;
2023-12-22 20:41:06 => Informational: 200 | http://localhost/Dionise/Establishment/1;
2023-12-22 20:41:18 => Informational: 200 | http://localhost/Dionise/Establishment/1;
2023-12-22 20:41:19 => Informational: 200 | http://localhost/Dionise/Establishment/1;
2023-12-22 20:41:19 => Informational: 200 | http://localhost/Dionise/Establishment/1;
2023-12-22 20:41:19 => Informational: 200 | http://localhost/Dionise/Establishment/1;
2023-12-22 20:41:20 => Informational: 200 | http://localhost/Dionise/Establishment/1;
2023-12-22 20:41:57 => Informational: 200 | http://localhost/Dionise/Establishment/1;
2023-12-22 20:49:38 => Informational: 200 | http://localhost/Dionise/Establishment/1;
2023-12-22 20:49:38 => Informational: 200 | http://localhost/Dionise/Establishment/1;
2023-12-22 20:49:39 => Informational: 200 | http://localhost/Dionise/Establishment/1;
2023-12-22 20:49:55 => Informational: 200 | http://localhost/Dionise/Establishment/1;
2023-12-22 20:49:55 => Informational: 200 | http://localhost/Dionise/Establishment/1;
2023-12-22 20:50:13 => Informational: 200 | http://localhost/Dionise/Establishment/1;
2023-12-22 20:50:14 => Informational: 200 | http://localhost/Dionise/Establishment/1;
2023-12-22 20:50:24 => Informational: 200 | http://localhost/Dionise/Establishment/1;
2023-12-22 20:52:43 => Informational: 200 | http://localhost/Dionise/Establishment/1;
2023-12-22 20:52:46 => Informational: 200 | http://localhost/Dionise/Establishment/1;
2023-12-22 20:52:55 => Informational: 200 | http://localhost/Dionise/Establishment/1;
2023-12-22 20:53:38 => Informational: 200 | http://localhost/Dionise/Establishment/1;
2023-12-22 20:54:53 => Informational: 200 | http://localhost/Dionise/Establishment/1;
2023-12-22 20:54:54 => Informational: 200 | http://localhost/Dionise/Establishment/1;
2023-12-22 20:55:00 => Informational: 200 | http://localhost/Dionise/Establishment/1;
2023-12-22 20:55:01 => Informational: 200 | http://localhost/Dionise/Establishment/1;
2023-12-22 20:55:21 => Informational: 200 | http://localhost/Dionise/Establishment/1;
2023-12-22 20:55:22 => Informational: 200 | http://localhost/Dionise/Establishment/1;
2023-12-22 20:55:45 => Informational: 200 | http://localhost/Dionise/Establishment/1;
2023-12-22 20:56:19 => Informational: 200 | http://localhost/Dionise/Establishment/1;
2023-12-22 20:56:42 => Informational: 200 | http://localhost/Dionise/Establishment/1;
2023-12-22 20:56:47 => Informational: 200 | http://localhost/Dionise/Establishment/1;
2023-12-22 20:59:41 => Informational: 200 | http://localhost/Dionise/Establishment/1;
2023-12-22 20:59:42 => Informational: 200 | http://localhost/Dionise/Establishment/1;
2023-12-22 20:59:50 => Informational: 200 | http://localhost/Dionise/Establishment/1;
2023-12-22 20:59:51 => Informational: 200 | http://localhost/Dionise/Establishment/1;
2023-12-22 21:00:24 => Informational: 200 | http://localhost/Dionise/Establishment/1;
2023-12-22 21:00:32 => Informational: 200 | http://localhost/Dionise/Establishment/1;
2023-12-22 21:00:33 => Informational: 200 | http://localhost/Dionise/Establishment/1;
2023-12-22 21:00:38 => Informational: 200 | http://localhost/Dionise/Establishment/1;
2023-12-22 21:00:39 => Informational: 200 | http://localhost/Dionise/Establishment/1;
2023-12-22 21:00:48 => Informational: 200 | http://localhost/Dionise/Establishment/1;
2023-12-22 21:00:48 => Informational: 200 | http://localhost/Dionise/Establishment/1;
2023-12-22 21:02:14 => Informational: 200 | http://localhost/Dionise/Establishment/1;
2023-12-22 21:02:15 => Informational: 200 | http://localhost/Dionise/Establishment/1;
2023-12-22 21:02:20 => Informational: 200 | http://localhost/Dionise/Establishment/1;
2023-12-22 21:02:29 => Informational: 200 | http://localhost/Dionise/Establishment/1;
2023-12-22 21:02:39 => Informational: 200 | http://localhost/Dionise/Establishment/1;
2023-12-22 21:07:01 => Informational: 200 | http://localhost/Dionise/Establishment/1;
2023-12-22 21:07:01 => Informational: 200 | http://localhost/Dionise/Establishment/1;
2023-12-22 21:07:02 => Informational: 200 | http://localhost/Dionise/Establishment/1;
2023-12-22 21:07:58 => Informational: 200 | http://localhost/Dionise/Establishment/1;
2023-12-22 21:22:07 => Informational: 200 | http://localhost/Dionise/Establishment/1;
2023-12-22 21:22:07 => Informational: 200 | http://localhost/Dionise/Establishment/1;
2023-12-22 21:22:08 => Informational: 200 | http://localhost/Dionise/Establishment/1;
2023-12-22 21:22:19 => Informational: 200 | http://localhost/Dionise/Establishment/1;
2023-12-22 21:22:20 => Informational: 200 | http://localhost/Dionise/Establishment/1;
2023-12-22 21:23:49 => Informational: 200 | http://localhost/Dionise/Establishment/1;
2023-12-22 21:23:58 => Informational: 200 | http://localhost/Dionise/Establishment/1;
2023-12-22 21:23:58 => Informational: 200 | http://localhost/Dionise/Establishment/1;
2023-12-22 21:23:59 => Informational: 200 | http://localhost/Dionise/Establishment/1;
2023-12-22 21:26:24 => Informational: 200 | http://localhost/Dionise/Establishment/1;
2023-12-22 21:26:25 => Informational: 200 | http://localhost/Dionise/Establishment/1;
2023-12-22 21:26:39 => Informational: 200 | http://localhost/Dionise/Establishment/1;
2023-12-22 21:26:40 => Informational: 200 | http://localhost/Dionise/Establishment/1;
2023-12-22 21:30:07 => Informational: 200 | http://localhost/Dionise/Establishment/1;
2023-12-22 21:30:13 => Informational: 200 | http://localhost/Dionise/Establishment/1;
2023-12-22 21:30:14 => Informational: 200 | http://localhost/Dionise/Establishment/1;
2023-12-22 21:31:23 => Informational: 200 | http://localhost/Dionise/Establishment/1;
2023-12-22 21:37:25 => Informational: 200 | http://localhost/Dionise/Establishment/1;
2023-12-22 21:48:01 => Informational: 200 | http://localhost/Dionise/Establishment/1;
2023-12-22 23:18:49 => Warning: 404 | http://localhost/Dionise/Error;
